<?xml version="1.0" encoding="UTF-8"?>
<!-- Generated by org.testng.reporters.JUnitReportReporter -->
<testsuite hostname="BlueTanmoy" name="test.TestWithPageFactory" tests="1" failures="0" timestamp="2 May 2016 14:32:01 GMT" time="2.287" errors="0">
  <testcase name="testHomePageAppearCorrect" time="2.287" classname="test.TestWithPageFactory"/>
</testsuite> <!-- test.TestWithPageFactory -->
